<?xml version="1.0" encoding="UTF-8"?>
<!-- Generated by org.testng.reporters.JUnitReportReporter -->
<testsuite skipped="0" hostname="ip-172-31-28-62" name="test2.CheckOutTest" tests="1" failures="0" timestamp="2022-03-05T06:29:23 UTC" time="0.009" errors="0">
  <testcase name="test4" time="0.009" classname="test2.CheckOutTest"/>
  <system-out/>
</testsuite> <!-- test2.CheckOutTest -->
