<?xml version="1.0" encoding="UTF-8"?>
<!-- Generated by org.testng.reporters.JUnitReportReporter -->
<testsuite skipped="0" hostname="ip-172-31-28-62" name="test.AnnotationExample" tests="1" failures="0" timestamp="2022-03-05T05:35:36 UTC" time="0.001" errors="0">
  <testcase name="test1" time="0.001" classname="test.AnnotationExample"/>
  <system-out/>
</testsuite> <!-- test.AnnotationExample -->
