<?xml version="1.0" encoding="UTF-8"?>
<!-- Generated by org.testng.reporters.JUnitReportReporter -->
<testsuite skipped="0" hostname="ip-172-31-28-62" name="test.HomePageTest" tests="1" failures="0" timestamp="2022-03-05T05:59:28 UTC" time="0.006" errors="0">
  <testcase name="test3" time="0.006" classname="test.HomePageTest"/>
  <system-out/>
</testsuite> <!-- test.HomePageTest -->
